<?xml version="1.0" encoding="UTF-8"?>
<!-- Generated by org.testng.reporters.JUnitReportReporter -->
<testsuite hostname="LAPTOP-M3K35D9B" failures="0" tests="1" name="com.acti.page.Loginpage" time="5.865" errors="0" timestamp="2023-08-01T15:57:16 EDT" skipped="0">
  <testcase classname="com.acti.page.Loginpage" name="initApplication" time="5.865"/>
</testsuite> <!-- com.acti.page.Loginpage -->
