<?xml version="1.0" encoding="UTF-8"?>
<!-- Generated by org.testng.reporters.JUnitReportReporter -->
<testsuite hostname="LAPTOP-M3K35D9B" failures="0" tests="1" name="com.acti.testcase.Basetest" time="5.749" errors="0" timestamp="2023-08-01T19:28:14 EDT" skipped="0">
  <testcase classname="com.acti.testcase.Basetest" name="initApplication" time="5.749"/>
</testsuite> <!-- com.acti.testcase.Basetest -->
